# JRE version: OpenJDK Runtime Environment (21.0.7) (build 21.0.7+-13880790-b1038.58)
# Java VM: OpenJDK 64-Bit Server VM (21.0.7+-13880790-b1038.58, mixed mode, tiered, compressed oops, compressed class ptrs, g1 gc, windows-amd64)
GC Precious Log:
 CardTable entry size: 512
 Card Set container configuration: InlinePtr #cards 5 size 8 Array Of Cards #cards 12 size 40 Howl #buckets 4 coarsen threshold 1843 Howl Bitmap #cards 512 size 80 coarsen threshold 460 Card regions per heap region 1 cards per card region 2048
 CPUs: 4 total, 4 available
 Memory: 12154M
 Large Page Support: Disabled
 NUMA Support: Disabled
 Compressed Oops: Enabled (32-bit)
 Heap Region Size: 1M
 Heap Min Capacity: 8M
 Heap Initial Capacity: 190M
 Heap Max Capacity: 2G
 Pre-touch: Disabled
 Parallel Workers: 4
 Concurrent Workers: 1
 Concurrent Refinement Workers: 4
 Periodic GC: Disabled
Heap:
 garbage-first heap   total 142336K, used 100564K [0x0000000080000000, 0x0000000100000000)
  region size 1024K, 20 young (20480K), 5 survivors (5120K)
 Metaspace       used 102910K, committed 105024K, reserved 1179648K
  class space    used 14342K, committed 15424K, reserved 1048576K
GC Heap History (20 events):
Event: 81.125 GC heap before
{Heap before GC invocations=40 (full 0):
 garbage-first heap   total 117760K, used 86502K [0x0000000080000000, 0x0000000100000000)
  region size 1024K, 19 young (19456K), 2 survivors (2048K)
 Metaspace       used 79265K, committed 81088K, reserved 1179648K
  class space    used 10787K, committed 11712K, reserved 1048576K
}
Event: 81.130 GC heap after
{Heap after GC invocations=41 (full 0):
 garbage-first heap   total 117760K, used 69404K [0x0000000080000000, 0x0000000100000000)
  region size 1024K, 2 young (2048K), 2 survivors (2048K)
 Metaspace       used 79265K, committed 81088K, reserved 1179648K
  class space    used 10787K, committed 11712K, reserved 1048576K
}
Event: 83.293 GC heap before
{Heap before GC invocations=41 (full 0):
 garbage-first heap   total 117760K, used 107292K [0x0000000080000000, 0x0000000100000000)
  region size 1024K, 36 young (36864K), 2 survivors (2048K)
 Metaspace       used 82728K, committed 84672K, reserved 1179648K
  class space    used 11297K, committed 12288K, reserved 1048576K
}
Event: 83.304 GC heap after
{Heap after GC invocations=42 (full 0):
 garbage-first heap   total 118784K, used 77317K [0x0000000080000000, 0x0000000100000000)
  region size 1024K, 5 young (5120K), 5 survivors (5120K)
 Metaspace       used 82728K, committed 84672K, reserved 1179648K
  class space    used 11297K, committed 12288K, reserved 1048576K
}
Event: 83.431 GC heap before
{Heap before GC invocations=42 (full 0):
 garbage-first heap   total 118784K, used 80389K [0x0000000080000000, 0x0000000100000000)
  region size 1024K, 9 young (9216K), 5 survivors (5120K)
 Metaspace       used 82735K, committed 84672K, reserved 1179648K
  class space    used 11297K, committed 12288K, reserved 1048576K
}
Event: 83.441 GC heap after
{Heap after GC invocations=43 (full 0):
 garbage-first heap   total 118784K, used 76250K [0x0000000080000000, 0x0000000100000000)
  region size 1024K, 2 young (2048K), 2 survivors (2048K)
 Metaspace       used 82735K, committed 84672K, reserved 1179648K
  class space    used 11297K, committed 12288K, reserved 1048576K
}
Event: 84.943 GC heap before
{Heap before GC invocations=44 (full 0):
 garbage-first heap   total 130048K, used 103898K [0x0000000080000000, 0x0000000100000000)
  region size 1024K, 29 young (29696K), 2 survivors (2048K)
 Metaspace       used 84862K, committed 86848K, reserved 1179648K
  class space    used 11591K, committed 12608K, reserved 1048576K
}
Event: 84.947 GC heap after
{Heap after GC invocations=45 (full 0):
 garbage-first heap   total 130048K, used 77230K [0x0000000080000000, 0x0000000100000000)
  region size 1024K, 3 young (3072K), 3 survivors (3072K)
 Metaspace       used 84862K, committed 86848K, reserved 1179648K
  class space    used 11591K, committed 12608K, reserved 1048576K
}
Event: 86.566 GC heap before
{Heap before GC invocations=45 (full 0):
 garbage-first heap   total 130048K, used 113070K [0x0000000080000000, 0x0000000100000000)
  region size 1024K, 39 young (39936K), 3 survivors (3072K)
 Metaspace       used 87769K, committed 89728K, reserved 1179648K
  class space    used 11968K, committed 12928K, reserved 1048576K
}
Event: 86.574 GC heap after
{Heap after GC invocations=46 (full 0):
 garbage-first heap   total 130048K, used 77475K [0x0000000080000000, 0x0000000100000000)
  region size 1024K, 4 young (4096K), 4 survivors (4096K)
 Metaspace       used 87769K, committed 89728K, reserved 1179648K
  class space    used 11968K, committed 12928K, reserved 1048576K
}
Event: 88.457 GC heap before
{Heap before GC invocations=46 (full 0):
 garbage-first heap   total 130048K, used 116387K [0x0000000080000000, 0x0000000100000000)
  region size 1024K, 42 young (43008K), 4 survivors (4096K)
 Metaspace       used 89655K, committed 91584K, reserved 1179648K
  class space    used 12206K, committed 13184K, reserved 1048576K
}
Event: 88.469 GC heap after
{Heap after GC invocations=47 (full 0):
 garbage-first heap   total 130048K, used 81024K [0x0000000080000000, 0x0000000100000000)
  region size 1024K, 6 young (6144K), 6 survivors (6144K)
 Metaspace       used 89655K, committed 91584K, reserved 1179648K
  class space    used 12206K, committed 13184K, reserved 1048576K
}
Event: 90.267 GC heap before
{Heap before GC invocations=48 (full 0):
 garbage-first heap   total 137216K, used 114816K [0x0000000080000000, 0x0000000100000000)
  region size 1024K, 39 young (39936K), 6 survivors (6144K)
 Metaspace       used 92157K, committed 94208K, reserved 1179648K
  class space    used 12575K, committed 13568K, reserved 1048576K
}
Event: 90.283 GC heap after
{Heap after GC invocations=49 (full 0):
 garbage-first heap   total 137216K, used 83450K [0x0000000080000000, 0x0000000100000000)
  region size 1024K, 3 young (3072K), 3 survivors (3072K)
 Metaspace       used 92157K, committed 94208K, reserved 1179648K
  class space    used 12575K, committed 13568K, reserved 1048576K
}
Event: 92.827 GC heap before
{Heap before GC invocations=49 (full 0):
 garbage-first heap   total 137216K, used 124410K [0x0000000080000000, 0x0000000100000000)
  region size 1024K, 43 young (44032K), 3 survivors (3072K)
 Metaspace       used 95530K, committed 97600K, reserved 1179648K
  class space    used 13200K, committed 14208K, reserved 1048576K
}
Event: 92.835 GC heap after
{Heap after GC invocations=50 (full 0):
 garbage-first heap   total 137216K, used 82151K [0x0000000080000000, 0x0000000100000000)
  region size 1024K, 3 young (3072K), 3 survivors (3072K)
 Metaspace       used 95530K, committed 97600K, reserved 1179648K
  class space    used 13200K, committed 14208K, reserved 1048576K
}
Event: 95.456 GC heap before
{Heap before GC invocations=50 (full 0):
 garbage-first heap   total 137216K, used 125159K [0x0000000080000000, 0x0000000100000000)
  region size 1024K, 45 young (46080K), 3 survivors (3072K)
 Metaspace       used 99137K, committed 101312K, reserved 1179648K
  class space    used 13720K, committed 14784K, reserved 1048576K
}
Event: 95.470 GC heap after
{Heap after GC invocations=51 (full 0):
 garbage-first heap   total 137216K, used 84199K [0x0000000080000000, 0x0000000100000000)
  region size 1024K, 5 young (5120K), 5 survivors (5120K)
 Metaspace       used 99137K, committed 101312K, reserved 1179648K
  class space    used 13720K, committed 14784K, reserved 1048576K
}
Event: 97.940 GC heap before
{Heap before GC invocations=52 (full 0):
 garbage-first heap   total 142336K, used 123111K [0x0000000080000000, 0x0000000100000000)
  region size 1024K, 43 young (44032K), 5 survivors (5120K)
 Metaspace       used 101758K, committed 103936K, reserved 1179648K
  class space    used 14138K, committed 15232K, reserved 1048576K
}
Event: 97.953 GC heap after
{Heap after GC invocations=53 (full 0):
 garbage-first heap   total 142336K, used 86228K [0x0000000080000000, 0x0000000100000000)
  region size 1024K, 5 young (5120K), 5 survivors (5120K)
 Metaspace       used 101758K, committed 103936K, reserved 1179648K
  class space    used 14138K, committed 15232K, reserved 1048576K
}

